Build started 20/06/2015 1:41:57 p.m..
     1>Project "C:\Users\John\Documents\Visual Studio 2013\Projects\Pac-Man\Pac-Man\Pacman\Pacman.vcxproj" on node 2 (Build target(s)).
     1>ClCompile:
         C:\Program Files (x86)\Microsoft Visual Studio 12.0\VC\bin\CL.exe /c /I"C:\Users\John\Documents\SFML-2.3-windows-vc12-32-bit\SFML-2.3\include" /ZI /nologo /W3 /WX- /Od /Oy- /D WIN32 /D _DEBUG /D _CONSOLE /D _UNICODE /D UNICODE /Gm /EHsc /RTC1 /MDd /GS /fp:precise /Zc:wchar_t /Zc:forScope /Fo"Debug\\" /Fd"Debug\vc120.pdb" /Gd /TP /analyze- /errorReport:prompt Blinky.cpp Debug.cpp GameController.cpp GameObject.cpp GameObjectManager.cpp Ghostclass.cpp Map.cpp Pacman.cpp game.cpp
         Pacman.cpp
         Ghostclass.cpp
     1>c:\users\john\documents\visual studio 2013\projects\pac-man\pac-man\pacman\ghostclass.cpp(18): warning C4390: ';' : empty controlled statement found; is this the intent?
         GameObjectManager.cpp
         GameObject.cpp
     1>c:\users\john\documents\visual studio 2013\projects\pac-man\pac-man\pacman\gameobject.cpp(125): warning C4244: 'return' : conversion from 'const float' to 'int', possible loss of data
     1>c:\users\john\documents\visual studio 2013\projects\pac-man\pac-man\pacman\gameobject.cpp(130): warning C4244: 'return' : conversion from 'const float' to 'int', possible loss of data
         GameController.cpp
         Generating Code...
         Compiling...
         game.cpp
         Map.cpp
         Debug.cpp
     1>c:\users\john\documents\visual studio 2013\projects\pac-man\pac-man\pacman\debug.cpp(20): warning C4244: 'argument' : conversion from 'int' to 'float', possible loss of data
     1>c:\users\john\documents\visual studio 2013\projects\pac-man\pac-man\pacman\debug.cpp(31): warning C4018: '<' : signed/unsigned mismatch
     1>c:\users\john\documents\visual studio 2013\projects\pac-man\pac-man\pacman\debug.cpp(34): warning C4244: 'argument' : conversion from 'int' to 'float', possible loss of data
     1>c:\users\john\documents\visual studio 2013\projects\pac-man\pac-man\pacman\debug.cpp(35): warning C4244: 'argument' : conversion from 'int' to 'float', possible loss of data
     1>c:\users\john\documents\visual studio 2013\projects\pac-man\pac-man\pacman\debug.cpp(35): warning C4244: 'argument' : conversion from 'unsigned int' to 'float', possible loss of data
     1>c:\users\john\documents\visual studio 2013\projects\pac-man\pac-man\pacman\debug.cpp(40): warning C4018: '<' : signed/unsigned mismatch
     1>c:\users\john\documents\visual studio 2013\projects\pac-man\pac-man\pacman\debug.cpp(43): warning C4244: 'argument' : conversion from 'int' to 'float', possible loss of data
     1>c:\users\john\documents\visual studio 2013\projects\pac-man\pac-man\pacman\debug.cpp(44): warning C4244: 'argument' : conversion from 'unsigned int' to 'float', possible loss of data
     1>c:\users\john\documents\visual studio 2013\projects\pac-man\pac-man\pacman\debug.cpp(44): warning C4244: 'argument' : conversion from 'int' to 'float', possible loss of data
         Blinky.cpp
     1>c:\users\john\documents\visual studio 2013\projects\pac-man\pac-man\pacman\blinky.cpp(15): warning C4244: '=' : conversion from 'int' to 'float', possible loss of data
     1>c:\users\john\documents\visual studio 2013\projects\pac-man\pac-man\pacman\blinky.cpp(16): warning C4244: '=' : conversion from 'int' to 'float', possible loss of data
         Generating Code...
       Link:
         C:\Program Files (x86)\Microsoft Visual Studio 12.0\VC\bin\link.exe /ERRORREPORT:PROMPT /OUT:"C:\Users\John\Documents\Visual Studio 2013\Projects\Pac-Man\Pac-Man\Debug\Pacman.exe" /INCREMENTAL /NOLOGO /LIBPATH:"C:\Users\John\Documents\SFML-2.3-windows-vc12-32-bit\SFML-2.3\lib" "sfml-graphics-d.lib" "sfml-window-d.lib" "sfml-system-d.lib" "sfml-main-d.lib" kernel32.lib user32.lib gdi32.lib winspool.lib comdlg32.lib advapi32.lib shell32.lib ole32.lib oleaut32.lib uuid.lib odbc32.lib odbccp32.lib /MANIFEST /MANIFESTUAC:"level='asInvoker' uiAccess='false'" /manifest:embed /DEBUG /PDB:"C:\Users\John\Documents\Visual Studio 2013\Projects\Pac-Man\Pac-Man\Debug\Pacman.pdb" /SUBSYSTEM:CONSOLE /TLBID:1 /DYNAMICBASE /NXCOMPAT /IMPLIB:"C:\Users\John\Documents\Visual Studio 2013\Projects\Pac-Man\Pac-Man\Debug\Pacman.lib" /MACHINE:X86 Debug\Blinky.obj
         Debug\Debug.obj
         Debug\game.obj
         Debug\GameController.obj
         Debug\GameObject.obj
         Debug\GameObjectManager.obj
         Debug\Ghostclass.obj
         Debug\HomeScreen.obj
         Debug\MainMenu.obj
         Debug\Map.obj
         Debug\Pacman.obj
         Pacman.vcxproj -> C:\Users\John\Documents\Visual Studio 2013\Projects\Pac-Man\Pac-Man\Debug\Pacman.exe
     1>Done Building Project "C:\Users\John\Documents\Visual Studio 2013\Projects\Pac-Man\Pac-Man\Pacman\Pacman.vcxproj" (Build target(s)).

Build succeeded.

Time Elapsed 00:00:07.59
